This file contains any messages produced by compilers while
running configure, to aid debugging if configure makes a mistake.

It was created by nlopt configure 2.4.2, which was
generated by GNU Autoconf 2.69.  Invocation command line was

  $ nlopt-2.4.2/configure --with-cxx --without-matlab --with-pic --prefix=/home/ducanh/ducanh_ws/landing_uav/landing_ros/install

## --------- ##
## Platform. ##
## --------- ##

hostname = ducanh
uname -m = x86_64
uname -r = 5.15.0-41-generic
uname -s = Linux
uname -v = #44~20.04.1-Ubuntu SMP Fri Jun 24 13:27:29 UTC 2022

/usr/bin/uname -p = x86_64
/bin/uname -X     = unknown

/bin/arch              = x86_64
/usr/bin/arch -k       = unknown
/usr/convex/getsysinfo = unknown
/usr/bin/hostinfo      = unknown
/bin/machine           = unknown
/usr/bin/oslevel       = unknown
/bin/universe          = unknown

PATH: /home/ducanh/miniconda3/condabin
PATH: /opt/ros/noetic/bin
PATH: /home/ducanh/.local/bin
PATH: /usr/local/sbin
PATH: /usr/local/bin
PATH: /usr/sbin
PATH: /usr/bin
PATH: /sbin
PATH: /bin
PATH: /usr/games
PATH: /usr/local/games
PATH: /snap/bin


## ----------- ##
## Core tests. ##
## ----------- ##

configure:2703: checking for a BSD-compatible install
configure:2771: result: /usr/bin/install -c
configure:2782: checking whether build environment is sane
configure:2837: result: yes
configure:2986: checking for a thread-safe mkdir -p
configure:3025: result: /usr/bin/mkdir -p
configure:3032: checking for gawk
configure:3062: result: no
configure:3032: checking for mawk
configure:3048: found /usr/bin/mawk
configure:3059: result: mawk
configure:3070: checking whether make sets $(MAKE)
configure:3092: result: yes
configure:3121: checking whether make supports nested variables
configure:3138: result: yes
configure:3267: checking whether to enable maintainer-specific portions of Makefiles
configure:3276: result: no
configure:3369: checking for gcc
configure:3385: found /usr/bin/gcc
configure:3396: result: gcc
configure:3625: checking for C compiler version
configure:3634: gcc --version >&5
gcc (Ubuntu 9.4.0-1ubuntu1~20.04.1) 9.4.0
Copyright (C) 2019 Free Software Foundation, Inc.
This is free software; see the source for copying conditions.  There is NO
warranty; not even for MERCHANTABILITY or FITNESS FOR A PARTICULAR PURPOSE.

configure:3645: $? = 0
configure:3634: gcc -v >&5
Using built-in specs.
COLLECT_GCC=gcc
COLLECT_LTO_WRAPPER=/usr/lib/gcc/x86_64-linux-gnu/9/lto-wrapper
OFFLOAD_TARGET_NAMES=nvptx-none:hsa
OFFLOAD_TARGET_DEFAULT=1
Target: x86_64-linux-gnu
Configured with: ../src/configure -v --with-pkgversion='Ubuntu 9.4.0-1ubuntu1~20.04.1' --with-bugurl=file:///usr/share/doc/gcc-9/README.Bugs --enable-languages=c,ada,c++,go,brig,d,fortran,objc,obj-c++,gm2 --prefix=/usr --with-gcc-major-version-only --program-suffix=-9 --program-prefix=x86_64-linux-gnu- --enable-shared --enable-linker-build-id --libexecdir=/usr/lib --without-included-gettext --enable-threads=posix --libdir=/usr/lib --enable-nls --enable-clocale=gnu --enable-libstdcxx-debug --enable-libstdcxx-time=yes --with-default-libstdcxx-abi=new --enable-gnu-unique-object --disable-vtable-verify --enable-plugin --enable-default-pie --with-system-zlib --with-target-system-zlib=auto --enable-objc-gc=auto --enable-multiarch --disable-werror --with-arch-32=i686 --with-abi=m64 --with-multilib-list=m32,m64,mx32 --enable-multilib --with-tune=generic --enable-offload-targets=nvptx-none=/build/gcc-9-Av3uEd/gcc-9-9.4.0/debian/tmp-nvptx/usr,hsa --without-cuda-driver --enable-checking=release --build=x86_64-linux-gnu --host=x86_64-linux-gnu --target=x86_64-linux-gnu
Thread model: posix
gcc version 9.4.0 (Ubuntu 9.4.0-1ubuntu1~20.04.1) 
configure:3645: $? = 0
configure:3634: gcc -V >&5
gcc: error: unrecognized command line option '-V'
gcc: fatal error: no input files
compilation terminated.
configure:3645: $? = 1
configure:3634: gcc -qversion >&5
gcc: error: unrecognized command line option '-qversion'; did you mean '--version'?
gcc: fatal error: no input files
compilation terminated.
configure:3645: $? = 1
configure:3665: checking whether the C compiler works
configure:3687: gcc    conftest.c  >&5
configure:3691: $? = 0
configure:3739: result: yes
configure:3742: checking for C compiler default output file name
configure:3744: result: a.out
configure:3750: checking for suffix of executables
configure:3757: gcc -o conftest    conftest.c  >&5
configure:3761: $? = 0
configure:3783: result: 
configure:3805: checking whether we are cross compiling
configure:3813: gcc -o conftest    conftest.c  >&5
configure:3817: $? = 0
configure:3824: ./conftest
configure:3828: $? = 0
configure:3816: result: no
configure:3821: checking for suffix of object files
configure:3843: gcc -c   conftest.c >&5
configure:3847: $? = 0
configure:3868: result: o
configure:3872: checking whether we are using the GNU C compiler
configure:3891: gcc -c   conftest.c >&5
configure:3891: $? = 0
configure:3900: result: yes
configure:3909: checking whether gcc accepts -g
configure:3929: gcc -c -g  conftest.c >&5
configure:3929: $? = 0
configure:3970: result: yes
configure:3987: checking for gcc option to accept ISO C89
configure:4050: gcc  -c -g -O2  conftest.c >&5
configure:4050: $? = 0
configure:4063: result: none needed
configure:4088: checking whether gcc understands -c and -o together
configure:4110: gcc -c conftest.c -o conftest2.o
configure:4113: $? = 0
configure:4110: gcc -c conftest.c -o conftest2.o
configure:4113: $? = 0
configure:4125: result: yes
configure:4153: checking for style of include used by make
configure:4181: result: GNU
configure:4207: checking dependency style of gcc
configure:4318: result: gcc3
configure:4337: checking for gcc option to accept ISO C99
configure:4486: gcc  -c -g -O2  conftest.c >&5
configure:4486: $? = 0
configure:4499: result: none needed
configure:4607: checking for gcc option to accept ISO Standard C
configure:4618: result: none needed
configure:4626: checking whether ln -s works
configure:4630: result: yes
configure:4637: checking whether make sets $(MAKE)
configure:4659: result: yes
configure:4672: checking build system type
configure:4686: result: x86_64-unknown-linux-gnu
configure:4706: checking host system type
configure:4719: result: x86_64-unknown-linux-gnu
configure:5088: checking how to print strings
configure:5115: result: printf
configure:5136: checking for a sed that does not truncate output
configure:5200: result: /usr/bin/sed
configure:5218: checking for grep that handles long lines and -e
configure:5276: result: /usr/bin/grep
configure:5281: checking for egrep
configure:5343: result: /usr/bin/grep -E
configure:5348: checking for fgrep
configure:5410: result: /usr/bin/grep -F
configure:5445: checking for ld used by gcc
configure:5512: result: /usr/bin/ld
configure:5519: checking if the linker (/usr/bin/ld) is GNU ld
configure:5534: result: yes
configure:5546: checking for BSD- or MS-compatible name lister (nm)
configure:5595: result: /usr/bin/nm -B
configure:5725: checking the name lister (/usr/bin/nm -B) interface
configure:5732: gcc -c -g -O2  conftest.c >&5
configure:5735: /usr/bin/nm -B "conftest.o"
configure:5738: output
0000000000000000 B some_variable
configure:5739: result: BSD nm
configure:5743: checking the maximum length of command line arguments
configure:5873: result: 1572864
configure:5890: checking whether the shell understands some XSI constructs
configure:5899: result: yes
configure:5903: checking whether the shell understands "+="
configure:5907: result: yes
configure:5942: checking how to convert x86_64-unknown-linux-gnu file names to x86_64-unknown-linux-gnu format
configure:5982: result: func_convert_file_noop
configure:5989: checking how to convert x86_64-unknown-linux-gnu file names to toolchain format
configure:6009: result: func_convert_file_noop
configure:6016: checking for /usr/bin/ld option to reload object files
configure:6023: result: -r
configure:6097: checking for objdump
configure:6124: result: objdump
configure:6153: checking how to recognize dependent libraries
configure:6355: result: pass_all
configure:6440: checking for dlltool
configure:6467: result: dlltool
configure:6497: checking how to associate runtime and link libraries
configure:6524: result: printf %s\n
configure:6585: checking for ar
configure:6601: found /usr/bin/ar
configure:6612: result: ar
configure:6649: checking for archiver @FILE support
configure:6666: gcc -c -g -O2  conftest.c >&5
configure:6666: $? = 0
configure:6669: ar cru libconftest.a @conftest.lst >&5
ar: `u' modifier ignored since `D' is the default (see `U')
configure:6672: $? = 0
configure:6677: ar cru libconftest.a @conftest.lst >&5
ar: `u' modifier ignored since `D' is the default (see `U')
ar: conftest.o: No such file or directory
configure:6680: $? = 1
configure:6679: result: @
configure:6737: checking for strip
configure:6753: found /usr/bin/strip
configure:6764: result: strip
configure:6836: checking for ranlib
configure:6852: found /usr/bin/ranlib
configure:6863: result: ranlib
configure:6965: checking command to parse /usr/bin/nm -B output from gcc object
configure:7085: gcc -c -g -O2  conftest.c >&5
configure:7088: $? = 0
configure:7092: /usr/bin/nm -B conftest.o \| sed -n -e 's/^.*[ ]\([ABCDGIRSTW][ABCDGIRSTW]*\)[ ][ ]*\([_A-Za-z][_A-Za-z0-9]*\)$/\1 \2 \2/p' | sed '/ __gnu_lto/d' \> conftest.nm
configure:7095: $? = 0
configure:7161: gcc -o conftest -g -O2   conftest.c conftstm.o >&5
configure:7164: $? = 0
configure:7202: result: ok
configure:7239: checking for sysroot
configure:7269: result: no
configure:7346: gcc -c -g -O2  conftest.c >&5
configure:7349: $? = 0
configure:7525: checking for mt
configure:7541: found /usr/bin/mt
configure:7552: result: mt
configure:7575: checking if mt is a manifest tool
configure:7581: mt '-?'
configure:7589: result: no
configure:8231: checking how to run the C preprocessor
configure:8262: gcc -E  conftest.c
configure:8262: $? = 0
configure:8276: gcc -E  conftest.c
conftest.c:11:10: fatal error: ac_nonexistent.h: No such file or directory
   11 | #include <ac_nonexistent.h>
      |          ^~~~~~~~~~~~~~~~~~
compilation terminated.
configure:8276: $? = 1
configure: failed program was:
| /* confdefs.h */
| #define PACKAGE_NAME "nlopt"
| #define PACKAGE_TARNAME "nlopt"
| #define PACKAGE_VERSION "2.4.2"
| #define PACKAGE_STRING "nlopt 2.4.2"
| #define PACKAGE_BUGREPORT "stevenj@alum.mit.edu"
| #define PACKAGE_URL ""
| #define PACKAGE "nlopt"
| #define VERSION "2.4.2"
| /* end confdefs.h.  */
| #include <ac_nonexistent.h>
configure:8301: result: gcc -E
configure:8321: gcc -E  conftest.c
configure:8321: $? = 0
configure:8335: gcc -E  conftest.c
conftest.c:11:10: fatal error: ac_nonexistent.h: No such file or directory
   11 | #include <ac_nonexistent.h>
      |          ^~~~~~~~~~~~~~~~~~
compilation terminated.
configure:8335: $? = 1
configure: failed program was:
| /* confdefs.h */
| #define PACKAGE_NAME "nlopt"
| #define PACKAGE_TARNAME "nlopt"
| #define PACKAGE_VERSION "2.4.2"
| #define PACKAGE_STRING "nlopt 2.4.2"
| #define PACKAGE_BUGREPORT "stevenj@alum.mit.edu"
| #define PACKAGE_URL ""
| #define PACKAGE "nlopt"
| #define VERSION "2.4.2"
| /* end confdefs.h.  */
| #include <ac_nonexistent.h>
configure:8364: checking for ANSI C header files
configure:8384: gcc -c -g -O2  conftest.c >&5
configure:8384: $? = 0
configure:8457: gcc -o conftest -g -O2   conftest.c  >&5
configure:8457: $? = 0
configure:8457: ./conftest
configure:8457: $? = 0
configure:8468: result: yes
configure:8481: checking for sys/types.h
configure:8481: gcc -c -g -O2  conftest.c >&5
configure:8481: $? = 0
configure:8481: result: yes
configure:8481: checking for sys/stat.h
configure:8481: gcc -c -g -O2  conftest.c >&5
configure:8481: $? = 0
configure:8481: result: yes
configure:8481: checking for stdlib.h
configure:8481: gcc -c -g -O2  conftest.c >&5
configure:8481: $? = 0
configure:8481: result: yes
configure:8481: checking for string.h
configure:8481: gcc -c -g -O2  conftest.c >&5
configure:8481: $? = 0
configure:8481: result: yes
configure:8481: checking for memory.h
configure:8481: gcc -c -g -O2  conftest.c >&5
configure:8481: $? = 0
configure:8481: result: yes
configure:8481: checking for strings.h
configure:8481: gcc -c -g -O2  conftest.c >&5
configure:8481: $? = 0
configure:8481: result: yes
configure:8481: checking for inttypes.h
configure:8481: gcc -c -g -O2  conftest.c >&5
configure:8481: $? = 0
configure:8481: result: yes
configure:8481: checking for stdint.h
configure:8481: gcc -c -g -O2  conftest.c >&5
configure:8481: $? = 0
configure:8481: result: yes
configure:8481: checking for unistd.h
configure:8481: gcc -c -g -O2  conftest.c >&5
configure:8481: $? = 0
configure:8481: result: yes
configure:8495: checking for dlfcn.h
configure:8495: gcc -c -g -O2  conftest.c >&5
configure:8495: $? = 0
configure:8495: result: yes
configure:8669: checking for objdir
configure:8684: result: .libs
configure:8955: checking if gcc supports -fno-rtti -fno-exceptions
configure:8973: gcc -c -g -O2  -fno-rtti -fno-exceptions conftest.c >&5
cc1: warning: command line option '-fno-rtti' is valid for C++/D/ObjC++ but not for C
configure:8977: $? = 0
configure:8990: result: no
configure:9317: checking for gcc option to produce PIC
configure:9324: result: -fPIC -DPIC
configure:9332: checking if gcc PIC flag -fPIC -DPIC works
configure:9350: gcc -c -g -O2  -fPIC -DPIC -DPIC conftest.c >&5
configure:9354: $? = 0
configure:9367: result: yes
configure:9396: checking if gcc static flag -static works
configure:9424: result: yes
configure:9439: checking if gcc supports -c -o file.o
configure:9460: gcc -c -g -O2  -o out/conftest2.o conftest.c >&5
configure:9464: $? = 0
configure:9486: result: yes
configure:9494: checking if gcc supports -c -o file.o
configure:9541: result: yes
configure:9574: checking whether the gcc linker (/usr/bin/ld -m elf_x86_64) supports shared libraries
configure:10727: result: yes
configure:10967: checking dynamic linker characteristics
configure:11478: gcc -o conftest -g -O2   -Wl,-rpath -Wl,/foo conftest.c  >&5
configure:11478: $? = 0
configure:11700: result: GNU/Linux ld.so
configure:11807: checking how to hardcode library paths into programs
configure:11832: result: immediate
configure:12372: checking whether stripping libraries is possible
configure:12377: result: yes
configure:12412: checking if libtool supports shared libraries
configure:12414: result: yes
configure:12417: checking whether to build shared libraries
configure:12438: result: no
configure:12441: checking whether to build static libraries
configure:12445: result: yes
configure:9568: checking for g++
configure:9584: found /usr/bin/g++
configure:9595: result: g++
configure:9622: checking for C++ compiler version
configure:9631: g++ --version >&5
g++ (Ubuntu 9.4.0-1ubuntu1~20.04.1) 9.4.0
Copyright (C) 2019 Free Software Foundation, Inc.
This is free software; see the source for copying conditions.  There is NO
warranty; not even for MERCHANTABILITY or FITNESS FOR A PARTICULAR PURPOSE.

configure:9642: $? = 0
configure:9631: g++ -v >&5
Using built-in specs.
COLLECT_GCC=g++
COLLECT_LTO_WRAPPER=/usr/lib/gcc/x86_64-linux-gnu/9/lto-wrapper
OFFLOAD_TARGET_NAMES=nvptx-none:hsa
OFFLOAD_TARGET_DEFAULT=1
Target: x86_64-linux-gnu
Configured with: ../src/configure -v --with-pkgversion='Ubuntu 9.4.0-1ubuntu1~20.04.1' --with-bugurl=file:///usr/share/doc/gcc-9/README.Bugs --enable-languages=c,ada,c++,go,brig,d,fortran,objc,obj-c++,gm2 --prefix=/usr --with-gcc-major-version-only --program-suffix=-9 --program-prefix=x86_64-linux-gnu- --enable-shared --enable-linker-build-id --libexecdir=/usr/lib --without-included-gettext --enable-threads=posix --libdir=/usr/lib --enable-nls --enable-clocale=gnu --enable-libstdcxx-debug --enable-libstdcxx-time=yes --with-default-libstdcxx-abi=new --enable-gnu-unique-object --disable-vtable-verify --enable-plugin --enable-default-pie --with-system-zlib --with-target-system-zlib=auto --enable-objc-gc=auto --enable-multiarch --disable-werror --with-arch-32=i686 --with-abi=m64 --with-multilib-list=m32,m64,mx32 --enable-multilib --with-tune=generic --enable-offload-targets=nvptx-none=/build/gcc-9-Av3uEd/gcc-9-9.4.0/debian/tmp-nvptx/usr,hsa --without-cuda-driver --enable-checking=release --build=x86_64-linux-gnu --host=x86_64-linux-gnu --target=x86_64-linux-gnu
Thread model: posix
gcc version 9.4.0 (Ubuntu 9.4.0-1ubuntu1~20.04.1) 
configure:9642: $? = 0
configure:9631: g++ -V >&5
g++: error: unrecognized command line option '-V'
g++: fatal error: no input files
compilation terminated.
configure:9642: $? = 1
configure:9631: g++ -qversion >&5
g++: error: unrecognized command line option '-qversion'; did you mean '--version'?
g++: fatal error: no input files
compilation terminated.
configure:9642: $? = 1
configure:9646: checking whether we are using the GNU C++ compiler
configure:9665: g++ -c   conftest.cpp >&5
configure:9665: $? = 0
configure:9674: result: yes
configure:9683: checking whether g++ accepts -g
configure:9703: g++ -c -g  conftest.cpp >&5
configure:9703: $? = 0
configure:9744: result: yes
configure:9769: checking dependency style of g++
configure:9880: result: gcc3
configure:9913: checking how to run the C++ preprocessor
configure:9940: g++ -E  conftest.cpp
configure:9940: $? = 0
configure:9954: g++ -E  conftest.cpp
conftest.cpp:23:10: fatal error: ac_nonexistent.h: No such file or directory
   23 | #include <ac_nonexistent.h>
      |          ^~~~~~~~~~~~~~~~~~
compilation terminated.
configure:9954: $? = 1
configure: failed program was:
| /* confdefs.h */
| #define PACKAGE_NAME "nlopt"
| #define PACKAGE_TARNAME "nlopt"
| #define PACKAGE_VERSION "2.4.2"
| #define PACKAGE_STRING "nlopt 2.4.2"
| #define PACKAGE_BUGREPORT "stevenj@alum.mit.edu"
| #define PACKAGE_URL ""
| #define PACKAGE "nlopt"
| #define VERSION "2.4.2"
| #define STDC_HEADERS 1
| #define HAVE_SYS_TYPES_H 1
| #define HAVE_SYS_STAT_H 1
| #define HAVE_STDLIB_H 1
| #define HAVE_STRING_H 1
| #define HAVE_MEMORY_H 1
| #define HAVE_STRINGS_H 1
| #define HAVE_INTTYPES_H 1
| #define HAVE_STDINT_H 1
| #define HAVE_UNISTD_H 1
| #define HAVE_DLFCN_H 1
| #define LT_OBJDIR ".libs/"
| /* end confdefs.h.  */
| #include <ac_nonexistent.h>
configure:9979: result: g++ -E
configure:9999: g++ -E  conftest.cpp
configure:9999: $? = 0
configure:10013: g++ -E  conftest.cpp
conftest.cpp:23:10: fatal error: ac_nonexistent.h: No such file or directory
   23 | #include <ac_nonexistent.h>
      |          ^~~~~~~~~~~~~~~~~~
compilation terminated.
configure:10013: $? = 1
configure: failed program was:
| /* confdefs.h */
| #define PACKAGE_NAME "nlopt"
| #define PACKAGE_TARNAME "nlopt"
| #define PACKAGE_VERSION "2.4.2"
| #define PACKAGE_STRING "nlopt 2.4.2"
| #define PACKAGE_BUGREPORT "stevenj@alum.mit.edu"
| #define PACKAGE_URL ""
| #define PACKAGE "nlopt"
| #define VERSION "2.4.2"
| #define STDC_HEADERS 1
| #define HAVE_SYS_TYPES_H 1
| #define HAVE_SYS_STAT_H 1
| #define HAVE_STDLIB_H 1
| #define HAVE_STRING_H 1
| #define HAVE_MEMORY_H 1
| #define HAVE_STRINGS_H 1
| #define HAVE_INTTYPES_H 1
| #define HAVE_STDINT_H 1
| #define HAVE_UNISTD_H 1
| #define HAVE_DLFCN_H 1
| #define LT_OBJDIR ".libs/"
| /* end confdefs.h.  */
| #include <ac_nonexistent.h>
configure:10182: checking for ld used by g++
configure:10249: result: /usr/bin/ld -m elf_x86_64
configure:10256: checking if the linker (/usr/bin/ld -m elf_x86_64) is GNU ld
configure:10271: result: yes
configure:10326: checking whether the g++ linker (/usr/bin/ld -m elf_x86_64) supports shared libraries
configure:11331: result: yes
configure:11367: g++ -c -g -O2  conftest.cpp >&5
configure:11370: $? = 0
configure:11890: checking for g++ option to produce PIC
configure:11897: result: -fPIC -DPIC
configure:11905: checking if g++ PIC flag -fPIC -DPIC works
configure:11923: g++ -c -g -O2  -fPIC -DPIC -DPIC conftest.cpp >&5
configure:11927: $? = 0
configure:11940: result: yes
configure:11963: checking if g++ static flag -static works
configure:11991: result: yes
configure:12003: checking if g++ supports -c -o file.o
configure:12024: g++ -c -g -O2  -o out/conftest2.o conftest.cpp >&5
configure:12028: $? = 0
configure:12050: result: yes
configure:12055: checking if g++ supports -c -o file.o
configure:12102: result: yes
configure:12132: checking whether the g++ linker (/usr/bin/ld -m elf_x86_64) supports shared libraries
configure:12168: result: yes
configure:12309: checking dynamic linker characteristics
configure:12976: result: GNU/Linux ld.so
configure:13029: checking how to hardcode library paths into programs
configure:13054: result: immediate
configure:12057: checking for ANSI C header files
configure:12161: result: yes
configure:12169: checking whether time.h and sys/time.h may both be included
configure:12189: g++ -c -g -O2  conftest.c >&5
configure:12189: $? = 0
configure:12196: result: yes
configure:12207: checking for unistd.h
configure:12207: result: yes
configure:12207: checking getopt.h usability
configure:12207: g++ -c -g -O2  conftest.c >&5
configure:12207: $? = 0
configure:12207: result: yes
configure:12207: checking getopt.h presence
configure:12207: gcc -E  conftest.c
configure:12207: $? = 0
configure:12207: result: yes
configure:12207: checking for getopt.h
configure:12207: result: yes
configure:12207: checking for stdint.h
configure:12207: result: yes
configure:12217: checking for an ANSI C-conforming const
configure:12283: g++ -c -g -O2  conftest.c >&5
configure:12283: $? = 0
configure:12290: result: yes
configure:12298: checking for inline
configure:12314: g++ -c -g -O2  conftest.c >&5
configure:12314: $? = 0
configure:12322: result: inline
configure:12348: checking for C thread-local keyword
configure:12376: g++ -c -g -O2  conftest.c >&5
configure:12376: $? = 0
configure:12390: result: __thread
configure:12411: checking size of unsigned int
configure:12416: g++ -o conftest -g -O2   conftest.c  >&5
configure:12416: $? = 0
configure:12416: ./conftest
configure:12416: $? = 0
configure:12430: result: 4
configure:12444: checking size of unsigned long
configure:12449: g++ -o conftest -g -O2   conftest.c  >&5
configure:12449: $? = 0
configure:12449: ./conftest
configure:12449: $? = 0
configure:12463: result: 8
configure:12473: checking for uint32_t
configure:12473: g++ -c -g -O2  conftest.c >&5
configure:12473: $? = 0
configure:12473: g++ -c -g -O2  conftest.c >&5
conftest.c: In function 'int main()':
conftest.c:72:22: error: expected primary-expression before ')' token
   72 | if (sizeof ((uint32_t)))
      |                      ^
configure:12473: $? = 1
configure: failed program was:
| /* confdefs.h */
| #define PACKAGE_NAME "nlopt"
| #define PACKAGE_TARNAME "nlopt"
| #define PACKAGE_VERSION "2.4.2"
| #define PACKAGE_STRING "nlopt 2.4.2"
| #define PACKAGE_BUGREPORT "stevenj@alum.mit.edu"
| #define PACKAGE_URL ""
| #define PACKAGE "nlopt"
| #define VERSION "2.4.2"
| #define STDC_HEADERS 1
| #define HAVE_SYS_TYPES_H 1
| #define HAVE_SYS_STAT_H 1
| #define HAVE_STDLIB_H 1
| #define HAVE_STRING_H 1
| #define HAVE_MEMORY_H 1
| #define HAVE_STRINGS_H 1
| #define HAVE_INTTYPES_H 1
| #define HAVE_STDINT_H 1
| #define HAVE_UNISTD_H 1
| #define HAVE_DLFCN_H 1
| #define LT_OBJDIR ".libs/"
| #define WITH_CXX 1
| #define STDC_HEADERS 1
| #define TIME_WITH_SYS_TIME 1
| #define HAVE_UNISTD_H 1
| #define HAVE_GETOPT_H 1
| #define HAVE_STDINT_H 1
| #define THREADLOCAL __thread
| #define SIZEOF_UNSIGNED_INT 4
| #define SIZEOF_UNSIGNED_LONG 8
| /* end confdefs.h.  */
| #include <stdio.h>
| #ifdef HAVE_SYS_TYPES_H
| # include <sys/types.h>
| #endif
| #ifdef HAVE_SYS_STAT_H
| # include <sys/stat.h>
| #endif
| #ifdef STDC_HEADERS
| # include <stdlib.h>
| # include <stddef.h>
| #else
| # ifdef HAVE_STDLIB_H
| #  include <stdlib.h>
| # endif
| #endif
| #ifdef HAVE_STRING_H
| # if !defined STDC_HEADERS && defined HAVE_MEMORY_H
| #  include <memory.h>
| # endif
| # include <string.h>
| #endif
| #ifdef HAVE_STRINGS_H
| # include <strings.h>
| #endif
| #ifdef HAVE_INTTYPES_H
| # include <inttypes.h>
| #endif
| #ifdef HAVE_STDINT_H
| # include <stdint.h>
| #endif
| #ifdef HAVE_UNISTD_H
| # include <unistd.h>
| #endif
| #ifdef HAVE_STDINT_H
| #  include <stdint.h>
| #endif
| 
| int
| main ()
| {
| if (sizeof ((uint32_t)))
| 	    return 0;
|   ;
|   return 0;
| }
configure:12473: result: yes
configure:12488: checking for sin in -lm
configure:12513: g++ -o conftest -g -O2   conftest.c -lm   >&5
conftest.c:40:6: warning: declaration of 'char sin()' conflicts with built-in declaration 'double sin(double)' [-Wbuiltin-declaration-mismatch]
   40 | char sin ();
      |      ^~~
configure:12513: $? = 0
configure:12522: result: yes
configure:12536: checking for BSDgettimeofday
configure:12536: g++ -o conftest -g -O2   conftest.c -lm  >&5
/usr/bin/ld: /tmp/ccasbs2W.o: in function `main':
/home/ducanh/ducanh_ws/landing_uav/landing_ros/build/nlopt/nlopt_src-prefix/src/nlopt_src-build/conftest.c:68: undefined reference to `BSDgettimeofday'
collect2: error: ld returned 1 exit status
configure:12536: $? = 1
configure: failed program was:
| /* confdefs.h */
| #define PACKAGE_NAME "nlopt"
| #define PACKAGE_TARNAME "nlopt"
| #define PACKAGE_VERSION "2.4.2"
| #define PACKAGE_STRING "nlopt 2.4.2"
| #define PACKAGE_BUGREPORT "stevenj@alum.mit.edu"
| #define PACKAGE_URL ""
| #define PACKAGE "nlopt"
| #define VERSION "2.4.2"
| #define STDC_HEADERS 1
| #define HAVE_SYS_TYPES_H 1
| #define HAVE_SYS_STAT_H 1
| #define HAVE_STDLIB_H 1
| #define HAVE_STRING_H 1
| #define HAVE_MEMORY_H 1
| #define HAVE_STRINGS_H 1
| #define HAVE_INTTYPES_H 1
| #define HAVE_STDINT_H 1
| #define HAVE_UNISTD_H 1
| #define HAVE_DLFCN_H 1
| #define LT_OBJDIR ".libs/"
| #define WITH_CXX 1
| #define STDC_HEADERS 1
| #define TIME_WITH_SYS_TIME 1
| #define HAVE_UNISTD_H 1
| #define HAVE_GETOPT_H 1
| #define HAVE_STDINT_H 1
| #define THREADLOCAL __thread
| #define SIZEOF_UNSIGNED_INT 4
| #define SIZEOF_UNSIGNED_LONG 8
| #define HAVE_UINT32_T 1
| #define HAVE_LIBM 1
| /* end confdefs.h.  */
| /* Define BSDgettimeofday to an innocuous variant, in case <limits.h> declares BSDgettimeofday.
|    For example, HP-UX 11i <limits.h> declares gettimeofday.  */
| #define BSDgettimeofday innocuous_BSDgettimeofday
| 
| /* System header to define __stub macros and hopefully few prototypes,
|     which can conflict with char BSDgettimeofday (); below.
|     Prefer <limits.h> to <assert.h> if __STDC__ is defined, since
|     <limits.h> exists even on freestanding compilers.  */
| 
| #ifdef __STDC__
| # include <limits.h>
| #else
| # include <assert.h>
| #endif
| 
| #undef BSDgettimeofday
| 
| /* Override any GCC internal prototype to avoid an error.
|    Use char because int might match the return type of a GCC
|    builtin and then its argument prototype would still apply.  */
| #ifdef __cplusplus
| extern "C"
| #endif
| char BSDgettimeofday ();
| /* The GNU C library defines this for functions which it implements
|     to always fail with ENOSYS.  Some functions are actually named
|     something starting with __ and the normal name is an alias.  */
| #if defined __stub_BSDgettimeofday || defined __stub___BSDgettimeofday
| choke me
| #endif
| 
| int
| main ()
| {
| return BSDgettimeofday ();
|   ;
|   return 0;
| }
configure:12536: result: no
configure:12536: checking for gettimeofday
configure:12536: g++ -o conftest -g -O2   conftest.c -lm  >&5
configure:12536: $? = 0
configure:12536: result: yes
configure:12536: checking for time
configure:12536: g++ -o conftest -g -O2   conftest.c -lm  >&5
configure:12536: $? = 0
configure:12536: result: yes
configure:12536: checking for qsort_r
configure:12536: g++ -o conftest -g -O2   conftest.c -lm  >&5
configure:12536: $? = 0
configure:12536: result: yes
configure:12536: checking for getpid
configure:12536: g++ -o conftest -g -O2   conftest.c -lm  >&5
configure:12536: $? = 0
configure:12536: result: yes
configure:12546: checking for gettid syscall
configure:12561: g++ -o conftest -g -O2   conftest.c -lm  >&5
configure:12561: $? = 0
configure:12573: result: yes
configure:12576: checking for isnan
configure:12590: g++ -o conftest -g -O2   conftest.c -lm  >&5
configure:12590: $? = 0
configure:12602: result: yes
configure:12605: checking for isinf
configure:12619: g++ -o conftest -g -O2   conftest.c -lm  >&5
configure:12619: $? = 0
configure:12631: result: yes
configure:12634: checking for copysign
configure:12648: g++ -o conftest -g -O2   conftest.c -lm  >&5
configure:12648: $? = 0
configure:12660: result: yes
configure:12682: WARNING: Python and Guile wrappers require --enable-shared; disabling
configure:13231: checking for mkoctfile
configure:13261: result: no
configure:13274: WARNING: can't find mkoctfile: won't be able to compile GNU Octave plugin
configure:13464: checking for mex
configure:13494: result: no
configure:13616: checking for working HUGE_VAL
configure:13629: g++ -c -g -O2  conftest.c >&5
configure:13629: $? = 0
configure:13630: result: ok
configure:13820: checking that generated files are newer than configure
configure:13826: result: done
configure:13877: creating ./config.status

## ---------------------- ##
## Running config.status. ##
## ---------------------- ##

This file was extended by nlopt config.status 2.4.2, which was
generated by GNU Autoconf 2.69.  Invocation command line was

  CONFIG_FILES    = 
  CONFIG_HEADERS  = 
  CONFIG_LINKS    = 
  CONFIG_COMMANDS = 
  $ ./config.status 

on ducanh

config.status:1226: creating Makefile
config.status:1226: creating nlopt.pc
config.status:1226: creating api/Makefile
config.status:1226: creating util/Makefile
config.status:1226: creating octave/Makefile
config.status:1226: creating direct/Makefile
config.status:1226: creating cdirect/Makefile
config.status:1226: creating stogo/Makefile
config.status:1226: creating praxis/Makefile
config.status:1226: creating luksan/Makefile
config.status:1226: creating crs/Makefile
config.status:1226: creating mlsl/Makefile
config.status:1226: creating mma/Makefile
config.status:1226: creating cobyla/Makefile
config.status:1226: creating newuoa/Makefile
config.status:1226: creating neldermead/Makefile
config.status:1226: creating auglag/Makefile
config.status:1226: creating bobyqa/Makefile
config.status:1226: creating isres/Makefile
config.status:1226: creating slsqp/Makefile
config.status:1226: creating esch/Makefile
config.status:1226: creating test/Makefile
config.status:1226: creating swig/Makefile
config.status:1226: creating swig/nlopt.scm
config.status:1226: creating config.h
config.status:1440: executing depfiles commands
config.status:1440: executing libtool commands

## ---------------- ##
## Cache variables. ##
## ---------------- ##

ac_cv_build=x86_64-unknown-linux-gnu
ac_cv_c_compiler_gnu=yes
ac_cv_c_const=yes
ac_cv_c_inline=inline
ac_cv_cxx_compiler_gnu=yes
ac_cv_env_CCC_set=
ac_cv_env_CCC_value=
ac_cv_env_CC_set=
ac_cv_env_CC_value=
ac_cv_env_CFLAGS_set=
ac_cv_env_CFLAGS_value=
ac_cv_env_CPPFLAGS_set=
ac_cv_env_CPPFLAGS_value=
ac_cv_env_CPP_set=
ac_cv_env_CPP_value=
ac_cv_env_CXXCPP_set=
ac_cv_env_CXXCPP_value=
ac_cv_env_CXXFLAGS_set=
ac_cv_env_CXXFLAGS_value=
ac_cv_env_CXX_set=
ac_cv_env_CXX_value=
ac_cv_env_GUILE_INSTALL_DIR_set=
ac_cv_env_GUILE_INSTALL_DIR_value=
ac_cv_env_LDFLAGS_set=
ac_cv_env_LDFLAGS_value=
ac_cv_env_LIBS_set=
ac_cv_env_LIBS_value=
ac_cv_env_MEX_INSTALL_DIR_set=
ac_cv_env_MEX_INSTALL_DIR_value=
ac_cv_env_MEX_set=
ac_cv_env_MEX_value=
ac_cv_env_MKOCTFILE_set=
ac_cv_env_MKOCTFILE_value=
ac_cv_env_M_INSTALL_DIR_set=
ac_cv_env_M_INSTALL_DIR_value=
ac_cv_env_OCT_INSTALL_DIR_set=
ac_cv_env_OCT_INSTALL_DIR_value=
ac_cv_env_PYTHON_CONFIG_set=
ac_cv_env_PYTHON_CONFIG_value=
ac_cv_env_PYTHON_set=
ac_cv_env_PYTHON_value=
ac_cv_env_build_alias_set=
ac_cv_env_build_alias_value=
ac_cv_env_host_alias_set=
ac_cv_env_host_alias_value=
ac_cv_env_target_alias_set=
ac_cv_env_target_alias_value=
ac_cv_func_BSDgettimeofday=no
ac_cv_func_getpid=yes
ac_cv_func_gettimeofday=yes
ac_cv_func_qsort_r=yes
ac_cv_func_time=yes
ac_cv_header_dlfcn_h=yes
ac_cv_header_getopt_h=yes
ac_cv_header_inttypes_h=yes
ac_cv_header_memory_h=yes
ac_cv_header_stdc=yes
ac_cv_header_stdint_h=yes
ac_cv_header_stdlib_h=yes
ac_cv_header_string_h=yes
ac_cv_header_strings_h=yes
ac_cv_header_sys_stat_h=yes
ac_cv_header_sys_types_h=yes
ac_cv_header_time=yes
ac_cv_header_unistd_h=yes
ac_cv_host=x86_64-unknown-linux-gnu
ac_cv_lib_m_sin=yes
ac_cv_objext=o
ac_cv_path_EGREP='/usr/bin/grep -E'
ac_cv_path_FGREP='/usr/bin/grep -F'
ac_cv_path_GREP=/usr/bin/grep
ac_cv_path_SED=/usr/bin/sed
ac_cv_path_install='/usr/bin/install -c'
ac_cv_path_mkdir=/usr/bin/mkdir
ac_cv_prog_AWK=mawk
ac_cv_prog_CPP='gcc -E'
ac_cv_prog_CXXCPP='g++ -E'
ac_cv_prog_ac_ct_AR=ar
ac_cv_prog_ac_ct_CC=gcc
ac_cv_prog_ac_ct_CXX=g++
ac_cv_prog_ac_ct_DLLTOOL=dlltool
ac_cv_prog_ac_ct_MANIFEST_TOOL=mt
ac_cv_prog_ac_ct_OBJDUMP=objdump
ac_cv_prog_ac_ct_RANLIB=ranlib
ac_cv_prog_ac_ct_STRIP=strip
ac_cv_prog_cc_c89=
ac_cv_prog_cc_c99=
ac_cv_prog_cc_g=yes
ac_cv_prog_cc_stdc=
ac_cv_prog_cxx_g=yes
ac_cv_prog_make_make_set=yes
ac_cv_sizeof_unsigned_int=4
ac_cv_sizeof_unsigned_long=8
ac_cv_type_uint32_t=yes
am_cv_CC_dependencies_compiler_type=gcc3
am_cv_CXX_dependencies_compiler_type=gcc3
am_cv_make_support_nested_variables=yes
am_cv_prog_cc_c_o=yes
ax_cv_c_threadlocal=__thread
lt_cv_ar_at_file=@
lt_cv_deplibs_check_method=pass_all
lt_cv_file_magic_cmd='$MAGIC_CMD'
lt_cv_file_magic_test_file=
lt_cv_ld_reload_flag=-r
lt_cv_nm_interface='BSD nm'
lt_cv_objdir=.libs
lt_cv_path_LD=/usr/bin/ld
lt_cv_path_LDCXX='/usr/bin/ld -m elf_x86_64'
lt_cv_path_NM='/usr/bin/nm -B'
lt_cv_path_mainfest_tool=no
lt_cv_prog_compiler_c_o=yes
lt_cv_prog_compiler_c_o_CXX=yes
lt_cv_prog_compiler_pic='-fPIC -DPIC'
lt_cv_prog_compiler_pic_CXX='-fPIC -DPIC'
lt_cv_prog_compiler_pic_works=yes
lt_cv_prog_compiler_pic_works_CXX=yes
lt_cv_prog_compiler_rtti_exceptions=no
lt_cv_prog_compiler_static_works=yes
lt_cv_prog_compiler_static_works_CXX=yes
lt_cv_prog_gnu_ld=yes
lt_cv_prog_gnu_ldcxx=yes
lt_cv_sharedlib_from_linklib_cmd='printf %s\n'
lt_cv_shlibpath_overrides_runpath=yes
lt_cv_sys_global_symbol_pipe='sed -n -e '\''s/^.*[	 ]\([ABCDGIRSTW][ABCDGIRSTW]*\)[	 ][	 ]*\([_A-Za-z][_A-Za-z0-9]*\)$/\1 \2 \2/p'\'' | sed '\''/ __gnu_lto/d'\'''
lt_cv_sys_global_symbol_to_c_name_address='sed -n -e '\''s/^: \([^ ]*\)[ ]*$/  {\"\1\", (void *) 0},/p'\'' -e '\''s/^[ABCDGIRSTW]* \([^ ]*\) \([^ ]*\)$/  {"\2", (void *) \&\2},/p'\'''
lt_cv_sys_global_symbol_to_c_name_address_lib_prefix='sed -n -e '\''s/^: \([^ ]*\)[ ]*$/  {\"\1\", (void *) 0},/p'\'' -e '\''s/^[ABCDGIRSTW]* \([^ ]*\) \(lib[^ ]*\)$/  {"\2", (void *) \&\2},/p'\'' -e '\''s/^[ABCDGIRSTW]* \([^ ]*\) \([^ ]*\)$/  {"lib\2", (void *) \&\2},/p'\'''
lt_cv_sys_global_symbol_to_cdecl='sed -n -e '\''s/^T .* \(.*\)$/extern int \1();/p'\'' -e '\''s/^[ABCDGIRSTW]* .* \(.*\)$/extern char \1;/p'\'''
lt_cv_sys_max_cmd_len=1572864
lt_cv_to_host_file_cmd=func_convert_file_noop
lt_cv_to_tool_file_cmd=func_convert_file_noop

## ----------------- ##
## Output variables. ##
## ----------------- ##

ACLOCAL='${SHELL} /home/ducanh/ducanh_ws/landing_uav/landing_ros/build/nlopt/nlopt_src-prefix/src/nlopt_src-build/nlopt-2.4.2/missing aclocal-1.14'
AMDEPBACKSLASH='\'
AMDEP_FALSE='#'
AMDEP_TRUE=''
AMTAR='$${TAR-tar}'
AM_BACKSLASH='\'
AM_DEFAULT_V='$(AM_DEFAULT_VERBOSITY)'
AM_DEFAULT_VERBOSITY='1'
AM_V='$(V)'
AR='ar'
AS='as'
AUTOCONF='${SHELL} /home/ducanh/ducanh_ws/landing_uav/landing_ros/build/nlopt/nlopt_src-prefix/src/nlopt_src-build/nlopt-2.4.2/missing autoconf'
AUTOHEADER='${SHELL} /home/ducanh/ducanh_ws/landing_uav/landing_ros/build/nlopt/nlopt_src-prefix/src/nlopt_src-build/nlopt-2.4.2/missing autoheader'
AUTOMAKE='${SHELL} /home/ducanh/ducanh_ws/landing_uav/landing_ros/build/nlopt/nlopt_src-prefix/src/nlopt_src-build/nlopt-2.4.2/missing automake-1.14'
AWK='mawk'
CC='g++'
CCDEPMODE='depmode=gcc3'
CFLAGS='-g -O2'
CPP='gcc -E'
CPPFLAGS=''
CXX='g++'
CXXCPP='g++ -E'
CXXDEPMODE='depmode=gcc3'
CXXFLAGS='-g -O2'
CYGPATH_W='echo'
DEFS='-DHAVE_CONFIG_H'
DEPDIR='.deps'
DLLTOOL='dlltool'
DSYMUTIL=''
DUMPBIN=''
ECHO_C=''
ECHO_N='-n'
ECHO_T=''
EGREP='/usr/bin/grep -E'
EXEEXT=''
FGREP='/usr/bin/grep -F'
GREP='/usr/bin/grep'
GUILE=''
GUILE_CONFIG='unknown'
GUILE_CPPFLAGS=''
GUILE_INSTALL_DIR=''
GUILE_LIBS=''
INSTALL_DATA='${INSTALL} -m 644'
INSTALL_PROGRAM='${INSTALL}'
INSTALL_SCRIPT='${INSTALL}'
INSTALL_STRIP_PROGRAM='$(install_sh) -c -s'
LD='/usr/bin/ld -m elf_x86_64'
LDFLAGS=''
LIBOBJS=''
LIBS='-lm '
LIBTOOL='$(SHELL) $(top_builddir)/libtool'
LIPO=''
LN_S='ln -s'
LTLIBOBJS=''
MAINT='#'
MAINTAINER_MODE_FALSE=''
MAINTAINER_MODE_TRUE='#'
MAKEINFO='${SHELL} /home/ducanh/ducanh_ws/landing_uav/landing_ros/build/nlopt/nlopt_src-prefix/src/nlopt_src-build/nlopt-2.4.2/missing makeinfo'
MANIFEST_TOOL=':'
MATLAB=''
MEX='echo'
MEXSUFF=''
MEX_INSTALL_DIR=''
MKDIR_P='/usr/bin/mkdir -p'
MKOCTFILE='echo'
M_INSTALL_DIR=''
NLOPT_SUFFIX='_cxx'
NM='/usr/bin/nm -B'
NMEDIT=''
OBJDUMP='objdump'
OBJEXT='o'
OCTAVE=''
OCTAVE_CONFIG=''
OCT_INSTALL_DIR=''
OTOOL64=''
OTOOL=''
PACKAGE='nlopt'
PACKAGE_BUGREPORT='stevenj@alum.mit.edu'
PACKAGE_NAME='nlopt'
PACKAGE_STRING='nlopt 2.4.2'
PACKAGE_TARNAME='nlopt'
PACKAGE_URL=''
PACKAGE_VERSION='2.4.2'
PATH_SEPARATOR=':'
PYTHON=''
PYTHON_CONFIG=''
PYTHON_EXEC_PREFIX=''
PYTHON_INCLUDES=''
PYTHON_PLATFORM=''
PYTHON_PREFIX=''
PYTHON_VERSION=''
RANLIB='ranlib'
SED='/usr/bin/sed'
SET_MAKE=''
SHARED_VERSION_INFO='8:2:8'
SHELL='/bin/bash'
STRIP='strip'
VERSION='2.4.2'
WITH_CXX_FALSE='#'
WITH_CXX_TRUE=''
WITH_GUILE_FALSE=''
WITH_GUILE_TRUE='#'
WITH_MATLAB_FALSE=''
WITH_MATLAB_TRUE='#'
WITH_OCTAVE_FALSE=''
WITH_OCTAVE_TRUE='#'
WITH_PYTHON_FALSE=''
WITH_PYTHON_TRUE='#'
ac_ct_AR='ar'
ac_ct_CC='gcc'
ac_ct_CXX='g++'
ac_ct_DUMPBIN=''
am__EXEEXT_FALSE=''
am__EXEEXT_TRUE='#'
am__fastdepCC_FALSE='#'
am__fastdepCC_TRUE=''
am__fastdepCXX_FALSE='#'
am__fastdepCXX_TRUE=''
am__include='include'
am__isrc=' -I$(srcdir)'
am__leading_dot='.'
am__nodep='_no'
am__quote=''
am__tar='$${TAR-tar} chof - "$$tardir"'
am__untar='$${TAR-tar} xf -'
bindir='${exec_prefix}/bin'
build='x86_64-unknown-linux-gnu'
build_alias=''
build_cpu='x86_64'
build_os='linux-gnu'
build_vendor='unknown'
datadir='${datarootdir}'
datarootdir='${prefix}/share'
docdir='${datarootdir}/doc/${PACKAGE_TARNAME}'
dvidir='${docdir}'
exec_prefix='${prefix}'
host='x86_64-unknown-linux-gnu'
host_alias=''
host_cpu='x86_64'
host_os='linux-gnu'
host_vendor='unknown'
htmldir='${docdir}'
includedir='${prefix}/include'
infodir='${datarootdir}/info'
install_sh='${SHELL} /home/ducanh/ducanh_ws/landing_uav/landing_ros/build/nlopt/nlopt_src-prefix/src/nlopt_src-build/nlopt-2.4.2/install-sh'
libdir='${exec_prefix}/lib'
libexecdir='${exec_prefix}/libexec'
localedir='${datarootdir}/locale'
localstatedir='${prefix}/var'
mandir='${datarootdir}/man'
mkdir_p='$(MKDIR_P)'
oldincludedir='/usr/include'
pdfdir='${docdir}'
pkgpyexecdir=''
pkgpythondir=''
prefix='/home/ducanh/ducanh_ws/landing_uav/landing_ros/install'
program_transform_name='s,x,x,'
psdir='${docdir}'
pyexecdir=''
pythondir=''
sbindir='${exec_prefix}/sbin'
sharedstatedir='${prefix}/com'
sysconfdir='${prefix}/etc'
target_alias=''

## ----------- ##
## confdefs.h. ##
## ----------- ##

/* confdefs.h */
#define PACKAGE_NAME "nlopt"
#define PACKAGE_TARNAME "nlopt"
#define PACKAGE_VERSION "2.4.2"
#define PACKAGE_STRING "nlopt 2.4.2"
#define PACKAGE_BUGREPORT "stevenj@alum.mit.edu"
#define PACKAGE_URL ""
#define PACKAGE "nlopt"
#define VERSION "2.4.2"
#define STDC_HEADERS 1
#define HAVE_SYS_TYPES_H 1
#define HAVE_SYS_STAT_H 1
#define HAVE_STDLIB_H 1
#define HAVE_STRING_H 1
#define HAVE_MEMORY_H 1
#define HAVE_STRINGS_H 1
#define HAVE_INTTYPES_H 1
#define HAVE_STDINT_H 1
#define HAVE_UNISTD_H 1
#define HAVE_DLFCN_H 1
#define LT_OBJDIR ".libs/"
#define WITH_CXX 1
#define STDC_HEADERS 1
#define TIME_WITH_SYS_TIME 1
#define HAVE_UNISTD_H 1
#define HAVE_GETOPT_H 1
#define HAVE_STDINT_H 1
#define THREADLOCAL __thread
#define SIZEOF_UNSIGNED_INT 4
#define SIZEOF_UNSIGNED_LONG 8
#define HAVE_UINT32_T 1
#define HAVE_LIBM 1
#define HAVE_GETTIMEOFDAY 1
#define HAVE_TIME 1
#define HAVE_QSORT_R 1
#define HAVE_GETPID 1
#define HAVE_GETTID_SYSCALL 1
#define HAVE_ISNAN 1
#define HAVE_ISINF 1
#define HAVE_COPYSIGN 1
#define MAJOR_VERSION 2
#define MINOR_VERSION 4
#define BUGFIX_VERSION 2

configure: exit 0
