[35m[1mScanning dependencies of target _aruco_msgs_generate_messages_check_deps_MarkerArray[0m
[  0%] Built target _aruco_msgs_generate_messages_check_deps_MarkerArray
[35m[1mScanning dependencies of target geometry_msgs_generate_messages_nodejs[0m
[  0%] Built target geometry_msgs_generate_messages_nodejs
[35m[1mScanning dependencies of target std_msgs_generate_messages_nodejs[0m
[  0%] Built target std_msgs_generate_messages_nodejs
[35m[1mScanning dependencies of target _aruco_msgs_generate_messages_check_deps_Marker[0m
[  0%] Built target _aruco_msgs_generate_messages_check_deps_Marker
[35m[1mScanning dependencies of target std_msgs_generate_messages_eus[0m
[  0%] Built target std_msgs_generate_messages_eus
[35m[1mScanning dependencies of target geometry_msgs_generate_messages_eus[0m
[  0%] Built target geometry_msgs_generate_messages_eus
[35m[1mScanning dependencies of target geometry_msgs_generate_messages_lisp[0m
[  0%] Built target geometry_msgs_generate_messages_lisp
[35m[1mScanning dependencies of target std_msgs_generate_messages_lisp[0m
[  0%] Built target std_msgs_generate_messages_lisp
[35m[1mScanning dependencies of target geometry_msgs_generate_messages_py[0m
[  0%] Built target geometry_msgs_generate_messages_py
[35m[1mScanning dependencies of target std_msgs_generate_messages_py[0m
[  0%] Built target std_msgs_generate_messages_py
[35m[1mScanning dependencies of target std_msgs_generate_messages_cpp[0m
[  0%] Built target std_msgs_generate_messages_cpp
[35m[1mScanning dependencies of target geometry_msgs_generate_messages_cpp[0m
[  0%] Built target geometry_msgs_generate_messages_cpp
[35m[1mScanning dependencies of target aruco_msgs_generate_messages_nodejs[0m
[  8%] [34m[1mGenerating Javascript code from aruco_msgs/Marker.msg[0m
[ 16%] [34m[1mGenerating Javascript code from aruco_msgs/MarkerArray.msg[0m
[35m[1mScanning dependencies of target aruco_msgs_generate_messages_eus[0m
[ 25%] [34m[1mGenerating EusLisp code from aruco_msgs/Marker.msg[0m
[ 25%] Built target aruco_msgs_generate_messages_nodejs
[ 33%] [34m[1mGenerating EusLisp code from aruco_msgs/MarkerArray.msg[0m
[ 41%] [34m[1mGenerating EusLisp manifest code for aruco_msgs[0m
[35m[1mScanning dependencies of target aruco_msgs_generate_messages_lisp[0m
[ 50%] [34m[1mGenerating Lisp code from aruco_msgs/Marker.msg[0m
[ 58%] [34m[1mGenerating Lisp code from aruco_msgs/MarkerArray.msg[0m
[ 58%] Built target aruco_msgs_generate_messages_lisp
[ 58%] Built target aruco_msgs_generate_messages_eus
[35m[1mScanning dependencies of target aruco_msgs_generate_messages_py[0m
[ 66%] [34m[1mGenerating Python from MSG aruco_msgs/Marker[0m
[ 75%] [34m[1mGenerating Python from MSG aruco_msgs/MarkerArray[0m
[ 83%] [34m[1mGenerating Python msg __init__.py for aruco_msgs[0m
[35m[1mScanning dependencies of target aruco_msgs_generate_messages_cpp[0m
[ 91%] [34m[1mGenerating C++ code from aruco_msgs/Marker.msg[0m
[ 91%] Built target aruco_msgs_generate_messages_py
[100%] [34m[1mGenerating C++ code from aruco_msgs/MarkerArray.msg[0m
[100%] Built target aruco_msgs_generate_messages_cpp
[35m[1mScanning dependencies of target aruco_msgs_generate_messages[0m
[100%] Built target aruco_msgs_generate_messages
