[  0%] Built target visualization_msgs_generate_messages_py
[  0%] Built target diagnostic_msgs_generate_messages_eus
[  0%] Built target visualization_msgs_generate_messages_nodejs
[ 11%] Built target geometric_controller_gencfg
[ 11%] Built target visualization_msgs_generate_messages_lisp
[ 11%] Built target trajectory_msgs_generate_messages_nodejs
[ 11%] Built target trajectory_msgs_generate_messages_lisp
[ 11%] Built target trajectory_msgs_generate_messages_cpp
[ 11%] Built target nav_msgs_generate_messages_eus
[ 11%] Built target nav_msgs_generate_messages_lisp
[ 11%] Built target visualization_msgs_generate_messages_eus
[ 11%] Built target mavros_msgs_generate_messages_py
[ 11%] Built target nav_msgs_generate_messages_cpp
[ 11%] Built target mavros_msgs_generate_messages_nodejs
[ 11%] Built target geographic_msgs_generate_messages_nodejs
[ 11%] Built target uuid_msgs_generate_messages_py
[ 11%] Built target uuid_msgs_generate_messages_nodejs
[ 11%] Built target mavros_msgs_generate_messages_eus
[ 11%] Built target geographic_msgs_generate_messages_py
[ 11%] Built target geographic_msgs_generate_messages_eus
[ 11%] Built target uuid_msgs_generate_messages_lisp
[ 11%] Built target diagnostic_msgs_generate_messages_nodejs
[ 11%] Built target dynamic_reconfigure_gencfg
[ 11%] Built target std_msgs_generate_messages_lisp
[ 11%] Built target sensor_msgs_generate_messages_cpp
[ 11%] Built target nav_msgs_generate_messages_nodejs
[ 11%] Built target diagnostic_msgs_generate_messages_py
[ 11%] Built target std_msgs_generate_messages_py
[ 11%] Built target geometry_msgs_generate_messages_eus
[ 11%] Built target std_msgs_generate_messages_nodejs
[ 11%] Built target dynamic_reconfigure_generate_messages_lisp
[ 11%] Built target tf2_msgs_generate_messages_cpp
[ 11%] Built target std_msgs_generate_messages_cpp
[ 11%] Built target geographic_msgs_generate_messages_cpp
[ 11%] Built target rosgraph_msgs_generate_messages_nodejs
[ 11%] Built target mavros_msgs_generate_messages_lisp
[ 11%] Built target actionlib_generate_messages_cpp
[ 11%] Built target actionlib_msgs_generate_messages_py
[ 11%] Built target roscpp_generate_messages_lisp
[ 11%] Built target tf_generate_messages_eus
[ 11%] Built target actionlib_generate_messages_lisp
[ 11%] Built target rosgraph_msgs_generate_messages_lisp
[ 11%] Built target dynamic_reconfigure_generate_messages_py
[ 11%] Built target actionlib_msgs_generate_messages_eus
[ 11%] Built target trajectory_msgs_generate_messages_eus
[ 11%] Built target rosgraph_msgs_generate_messages_py
[ 11%] Built target diagnostic_msgs_generate_messages_cpp
[ 11%] Built target roscpp_generate_messages_py
[ 11%] Built target uuid_msgs_generate_messages_eus
[ 11%] Built target roscpp_generate_messages_cpp
[ 11%] Built target uuid_msgs_generate_messages_cpp
[ 11%] Built target roscpp_generate_messages_eus
[ 11%] Built target tf_generate_messages_lisp
[ 11%] Built target dynamic_reconfigure_generate_messages_cpp
[ 11%] Built target nav_msgs_generate_messages_py
[ 11%] Built target geographic_msgs_generate_messages_lisp
[ 11%] Built target roscpp_generate_messages_nodejs
[ 11%] Built target rosgraph_msgs_generate_messages_eus
[ 11%] Built target tf_generate_messages_cpp
[ 11%] Built target geometry_msgs_generate_messages_cpp
[ 11%] Built target geometry_msgs_generate_messages_lisp
[ 11%] Built target tf_generate_messages_nodejs
[ 11%] Built target tf2_msgs_generate_messages_py
[ 11%] Built target dynamic_reconfigure_generate_messages_nodejs
[ 11%] Built target mavros_msgs_generate_messages_cpp
[ 11%] Built target geometry_msgs_generate_messages_nodejs
[ 11%] Built target dynamic_reconfigure_generate_messages_eus
[ 11%] Built target geometry_msgs_generate_messages_py
[ 11%] Built target sensor_msgs_generate_messages_py
[ 11%] Built target tf2_msgs_generate_messages_eus
[ 11%] Built target visualization_msgs_generate_messages_cpp
[ 11%] Built target sensor_msgs_generate_messages_eus
[ 11%] Built target sensor_msgs_generate_messages_lisp
[ 11%] Built target sensor_msgs_generate_messages_nodejs
[ 11%] Built target trajectory_msgs_generate_messages_py
[ 11%] Built target rosgraph_msgs_generate_messages_cpp
[ 11%] Built target actionlib_generate_messages_eus
[ 11%] Built target actionlib_msgs_generate_messages_cpp
[ 11%] Built target actionlib_generate_messages_nodejs
[ 11%] Built target std_msgs_generate_messages_eus
[ 11%] Built target tf_generate_messages_py
[ 11%] Built target actionlib_msgs_generate_messages_lisp
[ 11%] Built target actionlib_msgs_generate_messages_nodejs
[ 11%] Built target actionlib_generate_messages_py
[ 11%] Built target tf2_msgs_generate_messages_lisp
[ 11%] Built target diagnostic_msgs_generate_messages_lisp
[ 11%] Built target tf2_msgs_generate_messages_nodejs
[ 44%] Built target geometric_controller
[ 66%] Built target landing
[100%] Built target geometric_controller_node
